<?xml version='1.0'?>
<ns2:test-suite xmlns:ns2='urn:model.allure.qatools.yandex.ru' start='1741019048517' stop='1741019054061'>
    <name>Automating Customer Login functionality</name>
    <title>Automating Customer Login functionality</title>
    <test-cases>
        <test-case start='1741019048517' status='failed' stop='1741019048681'>
            <name>Login to the Account</name>
            <title>Login to the Account</title>
            <labels/>
            <parameters/>
            <steps/>
            <attachments>
                <attachment title='Screenshot' source='0acf304f-42de-4cf4-ace8-28c475d93ad4-attachment.png' type='image/png' size='6537'/>
            </attachments>
            <failure>
                <message>Failed: The "url" argument must be of type string. Received undefined</message>
                <stack-trace>TypeError [ERR_INVALID_ARG_TYPE]: The "url" argument must be of type string. Received undefined
                    at Url.parse (node:url:171:3)
                    at urlParse (node:url:142:13)
                    at Url.resolve (node:url:723:29)
                    at Object.urlResolve [as resolve] (node:url:719:40)
                    at ProtractorBrowser.get (C:\Users\akuma989\AppData\Roaming\npm\node_modules\protractor\built\browser.js:651:17)
                    at BasePage.navigateToURL (C:\Users\akuma989\LibertyMutual\ProtractorPractice\pages\BasePage.js:5:15)
                    at UserContext.&lt;anonymous> (C:\Users\akuma989\LibertyMutual\ProtractorPractice\test_spec\CustomerLogin_spec.js:11:19)
                    at C:\Users\akuma989\AppData\Roaming\npm\node_modules\protractor\node_modules\jasminewd2\index.js:112:25
                    at new ManagedPromise (C:\Users\akuma989\AppData\Roaming\npm\node_modules\protractor\node_modules\selenium-webdriver\lib\promise.js:1077:7)
                    at ControlFlow.promise (C:\Users\akuma989\AppData\Roaming\npm\node_modules\protractor\node_modules\selenium-webdriver\lib\promise.js:2505:12)
                From: Task: Run it("Login to the Account") in control flow
                    at UserContext.&lt;anonymous> (C:\Users\akuma989\AppData\Roaming\npm\node_modules\protractor\node_modules\jasminewd2\index.js:94:19)
                    at attempt (C:\Users\akuma989\AppData\Roaming\npm\node_modules\protractor\node_modules\jasmine-core\lib\jasmine-core\jasmine.js:4297:26)
                    at QueueRunner.run (C:\Users\akuma989\AppData\Roaming\npm\node_modules\protractor\node_modules\jasmine-core\lib\jasmine-core\jasmine.js:4217:20)
                    at QueueRunner.execute (C:\Users\akuma989\AppData\Roaming\npm\node_modules\protractor\node_modules\jasmine-core\lib\jasmine-core\jasmine.js:4199:10)
                    at Spec.queueRunnerFactory (C:\Users\akuma989\AppData\Roaming\npm\node_modules\protractor\node_modules\jasmine-core\lib\jasmine-core\jasmine.js:909:35)
                    at Spec.execute (C:\Users\akuma989\AppData\Roaming\npm\node_modules\protractor\node_modules\jasmine-core\lib\jasmine-core\jasmine.js:526:10)
                    at UserContext.fn (C:\Users\akuma989\AppData\Roaming\npm\node_modules\protractor\node_modules\jasmine-core\lib\jasmine-core\jasmine.js:5340:37)
                    at attempt (C:\Users\akuma989\AppData\Roaming\npm\node_modules\protractor\node_modules\jasmine-core\lib\jasmine-core\jasmine.js:4297:26)
                    at QueueRunner.run (C:\Users\akuma989\AppData\Roaming\npm\node_modules\protractor\node_modules\jasmine-core\lib\jasmine-core\jasmine.js:4217:20)
                    at QueueRunner.execute (C:\Users\akuma989\AppData\Roaming\npm\node_modules\protractor\node_modules\jasmine-core\lib\jasmine-core\jasmine.js:4199:10)
                From asynchronous test: 
                Error
                    at Suite.&lt;anonymous> (C:\Users\akuma989\LibertyMutual\ProtractorPractice\test_spec\CustomerLogin_spec.js:10:5)
                    at addSpecsToSuite (C:\Users\akuma989\AppData\Roaming\npm\node_modules\protractor\node_modules\jasmine-core\lib\jasmine-core\jasmine.js:1107:25)
                    at Env.describe (C:\Users\akuma989\AppData\Roaming\npm\node_modules\protractor\node_modules\jasmine-core\lib\jasmine-core\jasmine.js:1074:7)
                    at describe (C:\Users\akuma989\AppData\Roaming\npm\node_modules\protractor\node_modules\jasmine-core\lib\jasmine-core\jasmine.js:4399:18)
                    at Object.&lt;anonymous> (C:\Users\akuma989\LibertyMutual\ProtractorPractice\test_spec\CustomerLogin_spec.js:9:1)
                    at Module._compile (node:internal/modules/cjs/loader:1739:14)
                    at Object..js (node:internal/modules/cjs/loader:1904:10)
                    at Module.load (node:internal/modules/cjs/loader:1473:32)
                    at Function._load (node:internal/modules/cjs/loader:1285:12)</stack-trace>
            </failure>
        </test-case>
        <test-case start='1741019048681' status='failed' stop='1741019053844'>
            <name>Verification of Logged in user name and acc no</name>
            <title>Verification of Logged in user name and acc no</title>
            <labels/>
            <parameters/>
            <steps/>
            <attachments>
                <attachment title='Screenshot' source='e89a771f-cf62-4b90-b934-039e3b971646-attachment.png' type='image/png' size='6537'/>
            </attachments>
            <failure>
                <message>Failed: No element found using locator: By(xpath, //strong//span)</message>
                <stack-trace>NoSuchElementError: No element found using locator: By(xpath, //strong//span)
                    at C:\Users\akuma989\AppData\Roaming\npm\node_modules\protractor\built\element.js:814:27
                    at ManagedPromise.invokeCallback_ (C:\Users\akuma989\AppData\Roaming\npm\node_modules\protractor\node_modules\selenium-webdriver\lib\promise.js:1376:14)
                    at TaskQueue.execute_ (C:\Users\akuma989\AppData\Roaming\npm\node_modules\protractor\node_modules\selenium-webdriver\lib\promise.js:3084:14)
                    at TaskQueue.executeNext_ (C:\Users\akuma989\AppData\Roaming\npm\node_modules\protractor\node_modules\selenium-webdriver\lib\promise.js:3067:27)
                    at C:\Users\akuma989\AppData\Roaming\npm\node_modules\protractor\node_modules\selenium-webdriver\lib\promise.js:2927:27
                    at C:\Users\akuma989\AppData\Roaming\npm\node_modules\protractor\node_modules\selenium-webdriver\lib\promise.js:668:7
                    at processTicksAndRejections (node:internal/process/task_queues:105:5)Error
                    at ElementArrayFinder.applyAction_ (C:\Users\akuma989\AppData\Roaming\npm\node_modules\protractor\built\element.js:459:27)
                    at ElementArrayFinder.&lt;computed> [as getText] (C:\Users\akuma989\AppData\Roaming\npm\node_modules\protractor\built\element.js:91:29)
                    at ElementFinder.&lt;computed> [as getText] (C:\Users\akuma989\AppData\Roaming\npm\node_modules\protractor\built\element.js:831:22)
                    at UserContext.&lt;anonymous> (C:\Users\akuma989\LibertyMutual\ProtractorPractice\test_spec\CustomerLogin_spec.js:21:81)
                    at C:\Users\akuma989\AppData\Roaming\npm\node_modules\protractor\node_modules\jasminewd2\index.js:112:25
                    at new ManagedPromise (C:\Users\akuma989\AppData\Roaming\npm\node_modules\protractor\node_modules\selenium-webdriver\lib\promise.js:1077:7)
                    at ControlFlow.promise (C:\Users\akuma989\AppData\Roaming\npm\node_modules\protractor\node_modules\selenium-webdriver\lib\promise.js:2505:12)
                    at schedulerExecute (C:\Users\akuma989\AppData\Roaming\npm\node_modules\protractor\node_modules\jasminewd2\index.js:95:18)
                    at TaskQueue.execute_ (C:\Users\akuma989\AppData\Roaming\npm\node_modules\protractor\node_modules\selenium-webdriver\lib\promise.js:3084:14)
                    at TaskQueue.executeNext_ (C:\Users\akuma989\AppData\Roaming\npm\node_modules\protractor\node_modules\selenium-webdriver\lib\promise.js:3067:27)
                From: Task: Run it("Verification of Logged in user name and acc no") in control flow
                    at UserContext.&lt;anonymous> (C:\Users\akuma989\AppData\Roaming\npm\node_modules\protractor\node_modules\jasminewd2\index.js:94:19)
                    at attempt (C:\Users\akuma989\AppData\Roaming\npm\node_modules\protractor\node_modules\jasmine-core\lib\jasmine-core\jasmine.js:4297:26)
                    at QueueRunner.run (C:\Users\akuma989\AppData\Roaming\npm\node_modules\protractor\node_modules\jasmine-core\lib\jasmine-core\jasmine.js:4217:20)
                    at QueueRunner.execute (C:\Users\akuma989\AppData\Roaming\npm\node_modules\protractor\node_modules\jasmine-core\lib\jasmine-core\jasmine.js:4199:10)
                    at Spec.queueRunnerFactory (C:\Users\akuma989\AppData\Roaming\npm\node_modules\protractor\node_modules\jasmine-core\lib\jasmine-core\jasmine.js:909:35)
                    at Spec.execute (C:\Users\akuma989\AppData\Roaming\npm\node_modules\protractor\node_modules\jasmine-core\lib\jasmine-core\jasmine.js:526:10)
                    at UserContext.fn (C:\Users\akuma989\AppData\Roaming\npm\node_modules\protractor\node_modules\jasmine-core\lib\jasmine-core\jasmine.js:5340:37)
                    at attempt (C:\Users\akuma989\AppData\Roaming\npm\node_modules\protractor\node_modules\jasmine-core\lib\jasmine-core\jasmine.js:4297:26)
                    at QueueRunner.run (C:\Users\akuma989\AppData\Roaming\npm\node_modules\protractor\node_modules\jasmine-core\lib\jasmine-core\jasmine.js:4217:20)
                    at runNext (C:\Users\akuma989\AppData\Roaming\npm\node_modules\protractor\node_modules\jasmine-core\lib\jasmine-core\jasmine.js:4257:20)
                From asynchronous test: 
                Error
                    at Suite.&lt;anonymous> (C:\Users\akuma989\LibertyMutual\ProtractorPractice\test_spec\CustomerLogin_spec.js:18:5)
                    at addSpecsToSuite (C:\Users\akuma989\AppData\Roaming\npm\node_modules\protractor\node_modules\jasmine-core\lib\jasmine-core\jasmine.js:1107:25)
                    at Env.describe (C:\Users\akuma989\AppData\Roaming\npm\node_modules\protractor\node_modules\jasmine-core\lib\jasmine-core\jasmine.js:1074:7)
                    at describe (C:\Users\akuma989\AppData\Roaming\npm\node_modules\protractor\node_modules\jasmine-core\lib\jasmine-core\jasmine.js:4399:18)
                    at Object.&lt;anonymous> (C:\Users\akuma989\LibertyMutual\ProtractorPractice\test_spec\CustomerLogin_spec.js:9:1)
                    at Module._compile (node:internal/modules/cjs/loader:1739:14)
                    at Object..js (node:internal/modules/cjs/loader:1904:10)
                    at Module.load (node:internal/modules/cjs/loader:1473:32)
                    at Function._load (node:internal/modules/cjs/loader:1285:12)</stack-trace>
            </failure>
        </test-case>
        <test-case start='1741019053844' status='failed' stop='1741019053949'>
            <name>Validate Deposits</name>
            <title>Validate Deposits</title>
            <labels/>
            <parameters/>
            <steps/>
            <attachments>
                <attachment title='Screenshot' source='6609ee3b-3cda-4ffb-8ab7-07d82cf1d4b9-attachment.png' type='image/png' size='6537'/>
            </attachments>
            <failure>
                <message>Failed: No element found using locator: by.ngClick("deposit()")</message>
                <stack-trace>NoSuchElementError: No element found using locator: by.ngClick("deposit()")
                    at C:\Users\akuma989\AppData\Roaming\npm\node_modules\protractor\built\element.js:814:27
                    at ManagedPromise.invokeCallback_ (C:\Users\akuma989\AppData\Roaming\npm\node_modules\protractor\node_modules\selenium-webdriver\lib\promise.js:1376:14)
                    at TaskQueue.execute_ (C:\Users\akuma989\AppData\Roaming\npm\node_modules\protractor\node_modules\selenium-webdriver\lib\promise.js:3084:14)
                    at TaskQueue.executeNext_ (C:\Users\akuma989\AppData\Roaming\npm\node_modules\protractor\node_modules\selenium-webdriver\lib\promise.js:3067:27)
                    at C:\Users\akuma989\AppData\Roaming\npm\node_modules\protractor\node_modules\selenium-webdriver\lib\promise.js:2927:27
                    at C:\Users\akuma989\AppData\Roaming\npm\node_modules\protractor\node_modules\selenium-webdriver\lib\promise.js:668:7
                    at processTicksAndRejections (node:internal/process/task_queues:105:5)Error
                    at ElementArrayFinder.applyAction_ (C:\Users\akuma989\AppData\Roaming\npm\node_modules\protractor\built\element.js:459:27)
                    at ElementArrayFinder.&lt;computed> [as click] (C:\Users\akuma989\AppData\Roaming\npm\node_modules\protractor\built\element.js:91:29)
                    at ElementFinder.&lt;computed> [as click] (C:\Users\akuma989\AppData\Roaming\npm\node_modules\protractor\built\element.js:831:22)
                    at CustomerPage.gotoDeposit (C:\Users\akuma989\LibertyMutual\ProtractorPractice\pages\CustomerPage.js:12:71)
                    at UserContext.&lt;anonymous> (C:\Users\akuma989\LibertyMutual\ProtractorPractice\test_spec\CustomerLogin_spec.js:25:23)
                    at C:\Users\akuma989\AppData\Roaming\npm\node_modules\protractor\node_modules\jasminewd2\index.js:112:25
                    at new ManagedPromise (C:\Users\akuma989\AppData\Roaming\npm\node_modules\protractor\node_modules\selenium-webdriver\lib\promise.js:1077:7)
                    at ControlFlow.promise (C:\Users\akuma989\AppData\Roaming\npm\node_modules\protractor\node_modules\selenium-webdriver\lib\promise.js:2505:12)
                    at schedulerExecute (C:\Users\akuma989\AppData\Roaming\npm\node_modules\protractor\node_modules\jasminewd2\index.js:95:18)
                    at TaskQueue.execute_ (C:\Users\akuma989\AppData\Roaming\npm\node_modules\protractor\node_modules\selenium-webdriver\lib\promise.js:3084:14)
                From: Task: Run it("Validate Deposits") in control flow
                    at UserContext.&lt;anonymous> (C:\Users\akuma989\AppData\Roaming\npm\node_modules\protractor\node_modules\jasminewd2\index.js:94:19)
                    at attempt (C:\Users\akuma989\AppData\Roaming\npm\node_modules\protractor\node_modules\jasmine-core\lib\jasmine-core\jasmine.js:4297:26)
                    at QueueRunner.run (C:\Users\akuma989\AppData\Roaming\npm\node_modules\protractor\node_modules\jasmine-core\lib\jasmine-core\jasmine.js:4217:20)
                    at QueueRunner.execute (C:\Users\akuma989\AppData\Roaming\npm\node_modules\protractor\node_modules\jasmine-core\lib\jasmine-core\jasmine.js:4199:10)
                    at Spec.queueRunnerFactory (C:\Users\akuma989\AppData\Roaming\npm\node_modules\protractor\node_modules\jasmine-core\lib\jasmine-core\jasmine.js:909:35)
                    at Spec.execute (C:\Users\akuma989\AppData\Roaming\npm\node_modules\protractor\node_modules\jasmine-core\lib\jasmine-core\jasmine.js:526:10)
                    at UserContext.fn (C:\Users\akuma989\AppData\Roaming\npm\node_modules\protractor\node_modules\jasmine-core\lib\jasmine-core\jasmine.js:5340:37)
                    at attempt (C:\Users\akuma989\AppData\Roaming\npm\node_modules\protractor\node_modules\jasmine-core\lib\jasmine-core\jasmine.js:4297:26)
                    at QueueRunner.run (C:\Users\akuma989\AppData\Roaming\npm\node_modules\protractor\node_modules\jasmine-core\lib\jasmine-core\jasmine.js:4217:20)
                    at runNext (C:\Users\akuma989\AppData\Roaming\npm\node_modules\protractor\node_modules\jasmine-core\lib\jasmine-core\jasmine.js:4257:20)
                From asynchronous test: 
                Error
                    at Suite.&lt;anonymous> (C:\Users\akuma989\LibertyMutual\ProtractorPractice\test_spec\CustomerLogin_spec.js:24:5)
                    at addSpecsToSuite (C:\Users\akuma989\AppData\Roaming\npm\node_modules\protractor\node_modules\jasmine-core\lib\jasmine-core\jasmine.js:1107:25)
                    at Env.describe (C:\Users\akuma989\AppData\Roaming\npm\node_modules\protractor\node_modules\jasmine-core\lib\jasmine-core\jasmine.js:1074:7)
                    at describe (C:\Users\akuma989\AppData\Roaming\npm\node_modules\protractor\node_modules\jasmine-core\lib\jasmine-core\jasmine.js:4399:18)
                    at Object.&lt;anonymous> (C:\Users\akuma989\LibertyMutual\ProtractorPractice\test_spec\CustomerLogin_spec.js:9:1)
                    at Module._compile (node:internal/modules/cjs/loader:1739:14)
                    at Object..js (node:internal/modules/cjs/loader:1904:10)
                    at Module.load (node:internal/modules/cjs/loader:1473:32)
                    at Function._load (node:internal/modules/cjs/loader:1285:12)</stack-trace>
            </failure>
        </test-case>
        <test-case start='1741019053949' status='failed' stop='1741019054060'>
            <name>Validate Withdrawl</name>
            <title>Validate Withdrawl</title>
            <labels/>
            <parameters/>
            <steps/>
            <attachments>
                <attachment title='Screenshot' source='ede27edc-b19c-46f7-8072-299f2f338398-attachment.png' type='image/png' size='6537'/>
            </attachments>
            <failure>
                <message>Failed: No element found using locator: by.ngClick("withdrawl()")</message>
                <stack-trace>NoSuchElementError: No element found using locator: by.ngClick("withdrawl()")
                    at C:\Users\akuma989\AppData\Roaming\npm\node_modules\protractor\built\element.js:814:27
                    at ManagedPromise.invokeCallback_ (C:\Users\akuma989\AppData\Roaming\npm\node_modules\protractor\node_modules\selenium-webdriver\lib\promise.js:1376:14)
                    at TaskQueue.execute_ (C:\Users\akuma989\AppData\Roaming\npm\node_modules\protractor\node_modules\selenium-webdriver\lib\promise.js:3084:14)
                    at TaskQueue.executeNext_ (C:\Users\akuma989\AppData\Roaming\npm\node_modules\protractor\node_modules\selenium-webdriver\lib\promise.js:3067:27)
                    at C:\Users\akuma989\AppData\Roaming\npm\node_modules\protractor\node_modules\selenium-webdriver\lib\promise.js:2927:27
                    at C:\Users\akuma989\AppData\Roaming\npm\node_modules\protractor\node_modules\selenium-webdriver\lib\promise.js:668:7
                    at processTicksAndRejections (node:internal/process/task_queues:105:5)Error
                    at ElementArrayFinder.applyAction_ (C:\Users\akuma989\AppData\Roaming\npm\node_modules\protractor\built\element.js:459:27)
                    at ElementArrayFinder.&lt;computed> [as click] (C:\Users\akuma989\AppData\Roaming\npm\node_modules\protractor\built\element.js:91:29)
                    at ElementFinder.&lt;computed> [as click] (C:\Users\akuma989\AppData\Roaming\npm\node_modules\protractor\built\element.js:831:22)
                    at CustomerPage.gotoWithdrawl (C:\Users\akuma989\LibertyMutual\ProtractorPractice\pages\CustomerPage.js:15:73)
                    at UserContext.&lt;anonymous> (C:\Users\akuma989\LibertyMutual\ProtractorPractice\test_spec\CustomerLogin_spec.js:35:22)
                    at C:\Users\akuma989\AppData\Roaming\npm\node_modules\protractor\node_modules\jasminewd2\index.js:112:25
                    at new ManagedPromise (C:\Users\akuma989\AppData\Roaming\npm\node_modules\protractor\node_modules\selenium-webdriver\lib\promise.js:1077:7)
                    at ControlFlow.promise (C:\Users\akuma989\AppData\Roaming\npm\node_modules\protractor\node_modules\selenium-webdriver\lib\promise.js:2505:12)
                    at schedulerExecute (C:\Users\akuma989\AppData\Roaming\npm\node_modules\protractor\node_modules\jasminewd2\index.js:95:18)
                    at TaskQueue.execute_ (C:\Users\akuma989\AppData\Roaming\npm\node_modules\protractor\node_modules\selenium-webdriver\lib\promise.js:3084:14)
                From: Task: Run it("Validate Withdrawl") in control flow
                    at UserContext.&lt;anonymous> (C:\Users\akuma989\AppData\Roaming\npm\node_modules\protractor\node_modules\jasminewd2\index.js:94:19)
                    at attempt (C:\Users\akuma989\AppData\Roaming\npm\node_modules\protractor\node_modules\jasmine-core\lib\jasmine-core\jasmine.js:4297:26)
                    at QueueRunner.run (C:\Users\akuma989\AppData\Roaming\npm\node_modules\protractor\node_modules\jasmine-core\lib\jasmine-core\jasmine.js:4217:20)
                    at QueueRunner.execute (C:\Users\akuma989\AppData\Roaming\npm\node_modules\protractor\node_modules\jasmine-core\lib\jasmine-core\jasmine.js:4199:10)
                    at Spec.queueRunnerFactory (C:\Users\akuma989\AppData\Roaming\npm\node_modules\protractor\node_modules\jasmine-core\lib\jasmine-core\jasmine.js:909:35)
                    at Spec.execute (C:\Users\akuma989\AppData\Roaming\npm\node_modules\protractor\node_modules\jasmine-core\lib\jasmine-core\jasmine.js:526:10)
                    at UserContext.fn (C:\Users\akuma989\AppData\Roaming\npm\node_modules\protractor\node_modules\jasmine-core\lib\jasmine-core\jasmine.js:5340:37)
                    at attempt (C:\Users\akuma989\AppData\Roaming\npm\node_modules\protractor\node_modules\jasmine-core\lib\jasmine-core\jasmine.js:4297:26)
                    at QueueRunner.run (C:\Users\akuma989\AppData\Roaming\npm\node_modules\protractor\node_modules\jasmine-core\lib\jasmine-core\jasmine.js:4217:20)
                    at runNext (C:\Users\akuma989\AppData\Roaming\npm\node_modules\protractor\node_modules\jasmine-core\lib\jasmine-core\jasmine.js:4257:20)
                From asynchronous test: 
                Error
                    at Suite.&lt;anonymous> (C:\Users\akuma989\LibertyMutual\ProtractorPractice\test_spec\CustomerLogin_spec.js:34:6)
                    at addSpecsToSuite (C:\Users\akuma989\AppData\Roaming\npm\node_modules\protractor\node_modules\jasmine-core\lib\jasmine-core\jasmine.js:1107:25)
                    at Env.describe (C:\Users\akuma989\AppData\Roaming\npm\node_modules\protractor\node_modules\jasmine-core\lib\jasmine-core\jasmine.js:1074:7)
                    at describe (C:\Users\akuma989\AppData\Roaming\npm\node_modules\protractor\node_modules\jasmine-core\lib\jasmine-core\jasmine.js:4399:18)
                    at Object.&lt;anonymous> (C:\Users\akuma989\LibertyMutual\ProtractorPractice\test_spec\CustomerLogin_spec.js:9:1)
                    at Module._compile (node:internal/modules/cjs/loader:1739:14)
                    at Object..js (node:internal/modules/cjs/loader:1904:10)
                    at Module.load (node:internal/modules/cjs/loader:1473:32)
                    at Function._load (node:internal/modules/cjs/loader:1285:12)</stack-trace>
            </failure>
        </test-case>
    </test-cases>
</ns2:test-suite>