<?xml version='1.0'?>
<ns2:test-suite xmlns:ns2='urn:model.allure.qatools.yandex.ru' start='1740394649497' stop='1740394696296'>
    <name>Validate Bank Manager Login Functionality</name>
    <title>Validate Bank Manager Login Functionality</title>
    <test-cases>
        <test-case start='1740394649497' status='failed' stop='1740394691787'>
            <name>Open website and click on CustomerLogin button</name>
            <title>Open website and click on CustomerLogin button</title>
            <labels/>
            <parameters/>
            <steps/>
            <attachments>
                <attachment title='Screenshot' source='4f73aa54-7b72-499e-9d50-2aefbb0b1fe5-attachment.png' type='image/png' size='24503'/>
            </attachments>
            <failure>
                <message>Error: Timeout - Async callback was not invoked within timeout specified by jasmine.DEFAULT_TIMEOUT_INTERVAL.</message>
                <stack-trace>Error: Timeout - Async callback was not invoked within timeout specified by jasmine.DEFAULT_TIMEOUT_INTERVAL.
                    at Timeout._onTimeout (C:\Users\akuma989\AppData\Roaming\npm\node_modules\protractor\node_modules\jasmine-core\lib\jasmine-core\jasmine.js:4281:23)
                    at listOnTimeout (node:internal/timers:614:17)
                    at processTimers (node:internal/timers:549:7)</stack-trace>
            </failure>
        </test-case>
        <test-case start='1740394691787' status='failed' stop='1740394695994'>
            <name>Validate Add Customer</name>
            <title>Validate Add Customer</title>
            <labels/>
            <parameters/>
            <steps/>
            <attachments>
                <attachment title='Screenshot' source='65197e2b-14ff-4396-8c42-9d28c8025fa6-attachment.png' type='image/png' size='37598'/>
            </attachments>
            <failure>
                <message>Failed: No element found using locator: by.model("fname")</message>
                <stack-trace>NoSuchElementError: No element found using locator: by.model("fname")
                    at C:\Users\akuma989\AppData\Roaming\npm\node_modules\protractor\built\element.js:814:27
                    at ManagedPromise.invokeCallback_ (C:\Users\akuma989\AppData\Roaming\npm\node_modules\protractor\node_modules\selenium-webdriver\lib\promise.js:1376:14)
                    at TaskQueue.execute_ (C:\Users\akuma989\AppData\Roaming\npm\node_modules\protractor\node_modules\selenium-webdriver\lib\promise.js:3084:14)
                    at TaskQueue.executeNext_ (C:\Users\akuma989\AppData\Roaming\npm\node_modules\protractor\node_modules\selenium-webdriver\lib\promise.js:3067:27)
                    at C:\Users\akuma989\AppData\Roaming\npm\node_modules\protractor\node_modules\selenium-webdriver\lib\promise.js:2927:27
                    at C:\Users\akuma989\AppData\Roaming\npm\node_modules\protractor\node_modules\selenium-webdriver\lib\promise.js:668:7
                    at processTicksAndRejections (node:internal/process/task_queues:105:5)Error
                    at ElementArrayFinder.applyAction_ (C:\Users\akuma989\AppData\Roaming\npm\node_modules\protractor\built\element.js:459:27)
                    at ElementArrayFinder.&lt;computed> [as sendKeys] (C:\Users\akuma989\AppData\Roaming\npm\node_modules\protractor\built\element.js:91:29)
                    at ElementFinder.&lt;computed> [as sendKeys] (C:\Users\akuma989\AppData\Roaming\npm\node_modules\protractor\built\element.js:831:22)
                    at BankManagerpage.AddCustomer (C:\Users\akuma989\OneDrive - Capgemini\Desktop\ProtractorPractice\pages\BankManagerPage.js:8:36)
                    at UserContext.&lt;anonymous> (C:\Users\akuma989\OneDrive - Capgemini\Desktop\ProtractorPractice\test_spec\BankManagerPage_spec.js:18:25)
                    at C:\Users\akuma989\AppData\Roaming\npm\node_modules\protractor\node_modules\jasminewd2\index.js:112:25
                    at new ManagedPromise (C:\Users\akuma989\AppData\Roaming\npm\node_modules\protractor\node_modules\selenium-webdriver\lib\promise.js:1077:7)
                    at ControlFlow.promise (C:\Users\akuma989\AppData\Roaming\npm\node_modules\protractor\node_modules\selenium-webdriver\lib\promise.js:2505:12)
                    at schedulerExecute (C:\Users\akuma989\AppData\Roaming\npm\node_modules\protractor\node_modules\jasminewd2\index.js:95:18)
                    at TaskQueue.execute_ (C:\Users\akuma989\AppData\Roaming\npm\node_modules\protractor\node_modules\selenium-webdriver\lib\promise.js:3084:14)
                From: Task: Run it("Validate Add Customer") in control flow
                    at UserContext.&lt;anonymous> (C:\Users\akuma989\AppData\Roaming\npm\node_modules\protractor\node_modules\jasminewd2\index.js:94:19)
                    at attempt (C:\Users\akuma989\AppData\Roaming\npm\node_modules\protractor\node_modules\jasmine-core\lib\jasmine-core\jasmine.js:4297:26)
                    at QueueRunner.run (C:\Users\akuma989\AppData\Roaming\npm\node_modules\protractor\node_modules\jasmine-core\lib\jasmine-core\jasmine.js:4217:20)
                    at QueueRunner.execute (C:\Users\akuma989\AppData\Roaming\npm\node_modules\protractor\node_modules\jasmine-core\lib\jasmine-core\jasmine.js:4199:10)
                    at Spec.queueRunnerFactory (C:\Users\akuma989\AppData\Roaming\npm\node_modules\protractor\node_modules\jasmine-core\lib\jasmine-core\jasmine.js:909:35)
                    at Spec.execute (C:\Users\akuma989\AppData\Roaming\npm\node_modules\protractor\node_modules\jasmine-core\lib\jasmine-core\jasmine.js:526:10)
                    at UserContext.fn (C:\Users\akuma989\AppData\Roaming\npm\node_modules\protractor\node_modules\jasmine-core\lib\jasmine-core\jasmine.js:5340:37)
                    at attempt (C:\Users\akuma989\AppData\Roaming\npm\node_modules\protractor\node_modules\jasmine-core\lib\jasmine-core\jasmine.js:4297:26)
                    at QueueRunner.run (C:\Users\akuma989\AppData\Roaming\npm\node_modules\protractor\node_modules\jasmine-core\lib\jasmine-core\jasmine.js:4217:20)
                    at runNext (C:\Users\akuma989\AppData\Roaming\npm\node_modules\protractor\node_modules\jasmine-core\lib\jasmine-core\jasmine.js:4257:20)
                From asynchronous test: 
                Error
                    at Suite.&lt;anonymous> (C:\Users\akuma989\OneDrive - Capgemini\Desktop\ProtractorPractice\test_spec\BankManagerPage_spec.js:17:5)
                    at addSpecsToSuite (C:\Users\akuma989\AppData\Roaming\npm\node_modules\protractor\node_modules\jasmine-core\lib\jasmine-core\jasmine.js:1107:25)
                    at Env.describe (C:\Users\akuma989\AppData\Roaming\npm\node_modules\protractor\node_modules\jasmine-core\lib\jasmine-core\jasmine.js:1074:7)
                    at describe (C:\Users\akuma989\AppData\Roaming\npm\node_modules\protractor\node_modules\jasmine-core\lib\jasmine-core\jasmine.js:4399:18)
                    at Object.&lt;anonymous> (C:\Users\akuma989\OneDrive - Capgemini\Desktop\ProtractorPractice\test_spec\BankManagerPage_spec.js:5:1)
                    at Module._compile (node:internal/modules/cjs/loader:1739:14)
                    at Object..js (node:internal/modules/cjs/loader:1904:10)
                    at Module.load (node:internal/modules/cjs/loader:1473:32)
                    at Function._load (node:internal/modules/cjs/loader:1285:12)</stack-trace>
            </failure>
        </test-case>
        <test-case start='1740394695994' status='failed' stop='1740394696112'>
            <name>Validate Open Account</name>
            <title>Validate Open Account</title>
            <labels/>
            <parameters/>
            <steps/>
            <attachments>
                <attachment title='Screenshot' source='767e365d-70a2-4ce7-acc0-3b482e0674da-attachment.png' type='image/png' size='37598'/>
            </attachments>
            <failure>
                <message>Failed: mySelect is not defined</message>
                <stack-trace>ReferenceError: mySelect is not defined
                    at BankManagerpage.OpenAccount (C:\Users\akuma989\OneDrive - Capgemini\Desktop\ProtractorPractice\pages\BankManagerPage.js:24:9)
                    at UserContext.&lt;anonymous> (C:\Users\akuma989\OneDrive - Capgemini\Desktop\ProtractorPractice\test_spec\BankManagerPage_spec.js:22:25)
                    at C:\Users\akuma989\AppData\Roaming\npm\node_modules\protractor\node_modules\jasminewd2\index.js:112:25
                    at new ManagedPromise (C:\Users\akuma989\AppData\Roaming\npm\node_modules\protractor\node_modules\selenium-webdriver\lib\promise.js:1077:7)
                    at ControlFlow.promise (C:\Users\akuma989\AppData\Roaming\npm\node_modules\protractor\node_modules\selenium-webdriver\lib\promise.js:2505:12)
                    at schedulerExecute (C:\Users\akuma989\AppData\Roaming\npm\node_modules\protractor\node_modules\jasminewd2\index.js:95:18)
                    at TaskQueue.execute_ (C:\Users\akuma989\AppData\Roaming\npm\node_modules\protractor\node_modules\selenium-webdriver\lib\promise.js:3084:14)
                    at TaskQueue.executeNext_ (C:\Users\akuma989\AppData\Roaming\npm\node_modules\protractor\node_modules\selenium-webdriver\lib\promise.js:3067:27)
                    at C:\Users\akuma989\AppData\Roaming\npm\node_modules\protractor\node_modules\selenium-webdriver\lib\promise.js:2974:25
                    at C:\Users\akuma989\AppData\Roaming\npm\node_modules\protractor\node_modules\selenium-webdriver\lib\promise.js:668:7
                From: Task: Run it("Validate Open Account") in control flow
                    at UserContext.&lt;anonymous> (C:\Users\akuma989\AppData\Roaming\npm\node_modules\protractor\node_modules\jasminewd2\index.js:94:19)
                    at attempt (C:\Users\akuma989\AppData\Roaming\npm\node_modules\protractor\node_modules\jasmine-core\lib\jasmine-core\jasmine.js:4297:26)
                    at QueueRunner.run (C:\Users\akuma989\AppData\Roaming\npm\node_modules\protractor\node_modules\jasmine-core\lib\jasmine-core\jasmine.js:4217:20)
                    at QueueRunner.execute (C:\Users\akuma989\AppData\Roaming\npm\node_modules\protractor\node_modules\jasmine-core\lib\jasmine-core\jasmine.js:4199:10)
                    at Spec.queueRunnerFactory (C:\Users\akuma989\AppData\Roaming\npm\node_modules\protractor\node_modules\jasmine-core\lib\jasmine-core\jasmine.js:909:35)
                    at Spec.execute (C:\Users\akuma989\AppData\Roaming\npm\node_modules\protractor\node_modules\jasmine-core\lib\jasmine-core\jasmine.js:526:10)
                    at UserContext.fn (C:\Users\akuma989\AppData\Roaming\npm\node_modules\protractor\node_modules\jasmine-core\lib\jasmine-core\jasmine.js:5340:37)
                    at attempt (C:\Users\akuma989\AppData\Roaming\npm\node_modules\protractor\node_modules\jasmine-core\lib\jasmine-core\jasmine.js:4297:26)
                    at QueueRunner.run (C:\Users\akuma989\AppData\Roaming\npm\node_modules\protractor\node_modules\jasmine-core\lib\jasmine-core\jasmine.js:4217:20)
                    at runNext (C:\Users\akuma989\AppData\Roaming\npm\node_modules\protractor\node_modules\jasmine-core\lib\jasmine-core\jasmine.js:4257:20)
                From asynchronous test: 
                Error
                    at Suite.&lt;anonymous> (C:\Users\akuma989\OneDrive - Capgemini\Desktop\ProtractorPractice\test_spec\BankManagerPage_spec.js:21:5)
                    at addSpecsToSuite (C:\Users\akuma989\AppData\Roaming\npm\node_modules\protractor\node_modules\jasmine-core\lib\jasmine-core\jasmine.js:1107:25)
                    at Env.describe (C:\Users\akuma989\AppData\Roaming\npm\node_modules\protractor\node_modules\jasmine-core\lib\jasmine-core\jasmine.js:1074:7)
                    at describe (C:\Users\akuma989\AppData\Roaming\npm\node_modules\protractor\node_modules\jasmine-core\lib\jasmine-core\jasmine.js:4399:18)
                    at Object.&lt;anonymous> (C:\Users\akuma989\OneDrive - Capgemini\Desktop\ProtractorPractice\test_spec\BankManagerPage_spec.js:5:1)
                    at Module._compile (node:internal/modules/cjs/loader:1739:14)
                    at Object..js (node:internal/modules/cjs/loader:1904:10)
                    at Module.load (node:internal/modules/cjs/loader:1473:32)
                    at Function._load (node:internal/modules/cjs/loader:1285:12)</stack-trace>
            </failure>
        </test-case>
        <test-case start='1740394696112' status='failed' stop='1740394696296'>
            <name>Validate Customer Existance</name>
            <title>Validate Customer Existance</title>
            <labels/>
            <parameters/>
            <steps/>
            <attachments>
                <attachment title='Screenshot' source='55c26b17-611f-4ed7-9485-c4032bbdf8f4-attachment.png' type='image/png' size='37725'/>
            </attachments>
            <failure>
                <message>Failed: No element found using locator: by.model("searchCustomer")</message>
                <stack-trace>NoSuchElementError: No element found using locator: by.model("searchCustomer")
                    at C:\Users\akuma989\AppData\Roaming\npm\node_modules\protractor\built\element.js:814:27
                    at ManagedPromise.invokeCallback_ (C:\Users\akuma989\AppData\Roaming\npm\node_modules\protractor\node_modules\selenium-webdriver\lib\promise.js:1376:14)
                    at TaskQueue.execute_ (C:\Users\akuma989\AppData\Roaming\npm\node_modules\protractor\node_modules\selenium-webdriver\lib\promise.js:3084:14)
                    at TaskQueue.executeNext_ (C:\Users\akuma989\AppData\Roaming\npm\node_modules\protractor\node_modules\selenium-webdriver\lib\promise.js:3067:27)
                    at C:\Users\akuma989\AppData\Roaming\npm\node_modules\protractor\node_modules\selenium-webdriver\lib\promise.js:2927:27
                    at C:\Users\akuma989\AppData\Roaming\npm\node_modules\protractor\node_modules\selenium-webdriver\lib\promise.js:668:7
                    at processTicksAndRejections (node:internal/process/task_queues:105:5)Error
                    at ElementArrayFinder.applyAction_ (C:\Users\akuma989\AppData\Roaming\npm\node_modules\protractor\built\element.js:459:27)
                    at ElementArrayFinder.&lt;computed> [as sendKeys] (C:\Users\akuma989\AppData\Roaming\npm\node_modules\protractor\built\element.js:91:29)
                    at ElementFinder.&lt;computed> [as sendKeys] (C:\Users\akuma989\AppData\Roaming\npm\node_modules\protractor\built\element.js:831:22)
                    at BankManagerpage.CheckCustomer (C:\Users\akuma989\OneDrive - Capgemini\Desktop\ProtractorPractice\pages\BankManagerPage.js:40:45)
                    at UserContext.&lt;anonymous> (C:\Users\akuma989\OneDrive - Capgemini\Desktop\ProtractorPractice\test_spec\BankManagerPage_spec.js:26:25)
                    at C:\Users\akuma989\AppData\Roaming\npm\node_modules\protractor\node_modules\jasminewd2\index.js:112:25
                    at new ManagedPromise (C:\Users\akuma989\AppData\Roaming\npm\node_modules\protractor\node_modules\selenium-webdriver\lib\promise.js:1077:7)
                    at ControlFlow.promise (C:\Users\akuma989\AppData\Roaming\npm\node_modules\protractor\node_modules\selenium-webdriver\lib\promise.js:2505:12)
                    at schedulerExecute (C:\Users\akuma989\AppData\Roaming\npm\node_modules\protractor\node_modules\jasminewd2\index.js:95:18)
                    at TaskQueue.execute_ (C:\Users\akuma989\AppData\Roaming\npm\node_modules\protractor\node_modules\selenium-webdriver\lib\promise.js:3084:14)
                From: Task: Run it("Validate Customer Existance") in control flow
                    at UserContext.&lt;anonymous> (C:\Users\akuma989\AppData\Roaming\npm\node_modules\protractor\node_modules\jasminewd2\index.js:94:19)
                    at attempt (C:\Users\akuma989\AppData\Roaming\npm\node_modules\protractor\node_modules\jasmine-core\lib\jasmine-core\jasmine.js:4297:26)
                    at QueueRunner.run (C:\Users\akuma989\AppData\Roaming\npm\node_modules\protractor\node_modules\jasmine-core\lib\jasmine-core\jasmine.js:4217:20)
                    at QueueRunner.execute (C:\Users\akuma989\AppData\Roaming\npm\node_modules\protractor\node_modules\jasmine-core\lib\jasmine-core\jasmine.js:4199:10)
                    at Spec.queueRunnerFactory (C:\Users\akuma989\AppData\Roaming\npm\node_modules\protractor\node_modules\jasmine-core\lib\jasmine-core\jasmine.js:909:35)
                    at Spec.execute (C:\Users\akuma989\AppData\Roaming\npm\node_modules\protractor\node_modules\jasmine-core\lib\jasmine-core\jasmine.js:526:10)
                    at UserContext.fn (C:\Users\akuma989\AppData\Roaming\npm\node_modules\protractor\node_modules\jasmine-core\lib\jasmine-core\jasmine.js:5340:37)
                    at attempt (C:\Users\akuma989\AppData\Roaming\npm\node_modules\protractor\node_modules\jasmine-core\lib\jasmine-core\jasmine.js:4297:26)
                    at QueueRunner.run (C:\Users\akuma989\AppData\Roaming\npm\node_modules\protractor\node_modules\jasmine-core\lib\jasmine-core\jasmine.js:4217:20)
                    at runNext (C:\Users\akuma989\AppData\Roaming\npm\node_modules\protractor\node_modules\jasmine-core\lib\jasmine-core\jasmine.js:4257:20)
                From asynchronous test: 
                Error
                    at Suite.&lt;anonymous> (C:\Users\akuma989\OneDrive - Capgemini\Desktop\ProtractorPractice\test_spec\BankManagerPage_spec.js:25:5)
                    at addSpecsToSuite (C:\Users\akuma989\AppData\Roaming\npm\node_modules\protractor\node_modules\jasmine-core\lib\jasmine-core\jasmine.js:1107:25)
                    at Env.describe (C:\Users\akuma989\AppData\Roaming\npm\node_modules\protractor\node_modules\jasmine-core\lib\jasmine-core\jasmine.js:1074:7)
                    at describe (C:\Users\akuma989\AppData\Roaming\npm\node_modules\protractor\node_modules\jasmine-core\lib\jasmine-core\jasmine.js:4399:18)
                    at Object.&lt;anonymous> (C:\Users\akuma989\OneDrive - Capgemini\Desktop\ProtractorPractice\test_spec\BankManagerPage_spec.js:5:1)
                    at Module._compile (node:internal/modules/cjs/loader:1739:14)
                    at Object..js (node:internal/modules/cjs/loader:1904:10)
                    at Module.load (node:internal/modules/cjs/loader:1473:32)
                    at Function._load (node:internal/modules/cjs/loader:1285:12)</stack-trace>
            </failure>
        </test-case>
    </test-cases>
</ns2:test-suite>