<?xml version='1.0'?>
<ns2:test-suite xmlns:ns2='urn:model.allure.qatools.yandex.ru' start='1740386518128' stop='1740386518755'>
    <name>Validate Bank Manager Login Functionality</name>
    <title>Validate Bank Manager Login Functionality</title>
    <test-cases>
        <test-case start='1740386518128' status='failed' stop='1740386518370'>
            <name>Open website and click on CustomerLogin button</name>
            <title>Open website and click on CustomerLogin button</title>
            <labels/>
            <parameters/>
            <steps/>
            <attachments>
                <attachment title='Screenshot' source='8fda49fe-0f19-4347-b40e-051cd03f74fd-attachment.png' type='image/png' size='6537'/>
            </attachments>
            <failure>
                <message>Failed: by.ngClick is not a function</message>
                <stack-trace>TypeError: by.ngClick is not a function
                    at HomePage.BankManagerLogin (C:\Users\akuma989\OneDrive - Capgemini\Desktop\ProtractorPractice\pages\HomePage.js:15:20)
                    at UserContext.&lt;anonymous> (C:\Users\akuma989\OneDrive - Capgemini\Desktop\ProtractorPractice\test_spec\BankManagerPage_spec.js:14:18)
                    at C:\Users\akuma989\AppData\Roaming\npm\node_modules\protractor\node_modules\jasminewd2\index.js:112:25
                    at new ManagedPromise (C:\Users\akuma989\AppData\Roaming\npm\node_modules\protractor\node_modules\selenium-webdriver\lib\promise.js:1077:7)
                    at ControlFlow.promise (C:\Users\akuma989\AppData\Roaming\npm\node_modules\protractor\node_modules\selenium-webdriver\lib\promise.js:2505:12)
                    at schedulerExecute (C:\Users\akuma989\AppData\Roaming\npm\node_modules\protractor\node_modules\jasminewd2\index.js:95:18)
                    at TaskQueue.execute_ (C:\Users\akuma989\AppData\Roaming\npm\node_modules\protractor\node_modules\selenium-webdriver\lib\promise.js:3084:14)
                    at TaskQueue.executeNext_ (C:\Users\akuma989\AppData\Roaming\npm\node_modules\protractor\node_modules\selenium-webdriver\lib\promise.js:3067:27)
                    at C:\Users\akuma989\AppData\Roaming\npm\node_modules\protractor\node_modules\selenium-webdriver\lib\promise.js:2927:27
                    at C:\Users\akuma989\AppData\Roaming\npm\node_modules\protractor\node_modules\selenium-webdriver\lib\promise.js:668:7
                From: Task: Run it("Open website and click on CustomerLogin button") in control flow
                    at UserContext.&lt;anonymous> (C:\Users\akuma989\AppData\Roaming\npm\node_modules\protractor\node_modules\jasminewd2\index.js:94:19)
                    at attempt (C:\Users\akuma989\AppData\Roaming\npm\node_modules\protractor\node_modules\jasmine-core\lib\jasmine-core\jasmine.js:4297:26)
                    at QueueRunner.run (C:\Users\akuma989\AppData\Roaming\npm\node_modules\protractor\node_modules\jasmine-core\lib\jasmine-core\jasmine.js:4217:20)
                    at QueueRunner.execute (C:\Users\akuma989\AppData\Roaming\npm\node_modules\protractor\node_modules\jasmine-core\lib\jasmine-core\jasmine.js:4199:10)
                    at Spec.queueRunnerFactory (C:\Users\akuma989\AppData\Roaming\npm\node_modules\protractor\node_modules\jasmine-core\lib\jasmine-core\jasmine.js:909:35)
                    at Spec.execute (C:\Users\akuma989\AppData\Roaming\npm\node_modules\protractor\node_modules\jasmine-core\lib\jasmine-core\jasmine.js:526:10)
                    at UserContext.fn (C:\Users\akuma989\AppData\Roaming\npm\node_modules\protractor\node_modules\jasmine-core\lib\jasmine-core\jasmine.js:5340:37)
                    at attempt (C:\Users\akuma989\AppData\Roaming\npm\node_modules\protractor\node_modules\jasmine-core\lib\jasmine-core\jasmine.js:4297:26)
                    at QueueRunner.run (C:\Users\akuma989\AppData\Roaming\npm\node_modules\protractor\node_modules\jasmine-core\lib\jasmine-core\jasmine.js:4217:20)
                    at QueueRunner.execute (C:\Users\akuma989\AppData\Roaming\npm\node_modules\protractor\node_modules\jasmine-core\lib\jasmine-core\jasmine.js:4199:10)
                From asynchronous test: 
                Error
                    at Suite.&lt;anonymous> (C:\Users\akuma989\OneDrive - Capgemini\Desktop\ProtractorPractice\test_spec\BankManagerPage_spec.js:7:5)
                    at addSpecsToSuite (C:\Users\akuma989\AppData\Roaming\npm\node_modules\protractor\node_modules\jasmine-core\lib\jasmine-core\jasmine.js:1107:25)
                    at Env.describe (C:\Users\akuma989\AppData\Roaming\npm\node_modules\protractor\node_modules\jasmine-core\lib\jasmine-core\jasmine.js:1074:7)
                    at describe (C:\Users\akuma989\AppData\Roaming\npm\node_modules\protractor\node_modules\jasmine-core\lib\jasmine-core\jasmine.js:4399:18)
                    at Object.&lt;anonymous> (C:\Users\akuma989\OneDrive - Capgemini\Desktop\ProtractorPractice\test_spec\BankManagerPage_spec.js:5:1)
                    at Module._compile (node:internal/modules/cjs/loader:1739:14)
                    at Object..js (node:internal/modules/cjs/loader:1904:10)
                    at Module.load (node:internal/modules/cjs/loader:1473:32)
                    at Function._load (node:internal/modules/cjs/loader:1285:12)</stack-trace>
            </failure>
        </test-case>
        <test-case start='1740386518370' status='failed' stop='1740386518516'>
            <name>Validate Add Customer</name>
            <title>Validate Add Customer</title>
            <labels/>
            <parameters/>
            <steps/>
            <attachments>
                <attachment title='Screenshot' source='adf7bda4-d245-48a3-9baf-ec9aba5122db-attachment.png' type='image/png' size='6537'/>
            </attachments>
            <failure>
                <message>Failed: by.ngClick is not a function</message>
                <stack-trace>TypeError: by.ngClick is not a function
                    at BankManagerpage.AddCustomer (C:\Users\akuma989\OneDrive - Capgemini\Desktop\ProtractorPractice\pages\BankManagerPage.js:5:20)
                    at UserContext.&lt;anonymous> (C:\Users\akuma989\OneDrive - Capgemini\Desktop\ProtractorPractice\test_spec\BankManagerPage_spec.js:19:25)
                    at C:\Users\akuma989\AppData\Roaming\npm\node_modules\protractor\node_modules\jasminewd2\index.js:112:25
                    at new ManagedPromise (C:\Users\akuma989\AppData\Roaming\npm\node_modules\protractor\node_modules\selenium-webdriver\lib\promise.js:1077:7)
                    at ControlFlow.promise (C:\Users\akuma989\AppData\Roaming\npm\node_modules\protractor\node_modules\selenium-webdriver\lib\promise.js:2505:12)
                    at schedulerExecute (C:\Users\akuma989\AppData\Roaming\npm\node_modules\protractor\node_modules\jasminewd2\index.js:95:18)
                    at TaskQueue.execute_ (C:\Users\akuma989\AppData\Roaming\npm\node_modules\protractor\node_modules\selenium-webdriver\lib\promise.js:3084:14)
                    at TaskQueue.executeNext_ (C:\Users\akuma989\AppData\Roaming\npm\node_modules\protractor\node_modules\selenium-webdriver\lib\promise.js:3067:27)
                    at C:\Users\akuma989\AppData\Roaming\npm\node_modules\protractor\node_modules\selenium-webdriver\lib\promise.js:2974:25
                    at C:\Users\akuma989\AppData\Roaming\npm\node_modules\protractor\node_modules\selenium-webdriver\lib\promise.js:668:7
                From: Task: Run it("Validate Add Customer") in control flow
                    at UserContext.&lt;anonymous> (C:\Users\akuma989\AppData\Roaming\npm\node_modules\protractor\node_modules\jasminewd2\index.js:94:19)
                    at attempt (C:\Users\akuma989\AppData\Roaming\npm\node_modules\protractor\node_modules\jasmine-core\lib\jasmine-core\jasmine.js:4297:26)
                    at QueueRunner.run (C:\Users\akuma989\AppData\Roaming\npm\node_modules\protractor\node_modules\jasmine-core\lib\jasmine-core\jasmine.js:4217:20)
                    at QueueRunner.execute (C:\Users\akuma989\AppData\Roaming\npm\node_modules\protractor\node_modules\jasmine-core\lib\jasmine-core\jasmine.js:4199:10)
                    at Spec.queueRunnerFactory (C:\Users\akuma989\AppData\Roaming\npm\node_modules\protractor\node_modules\jasmine-core\lib\jasmine-core\jasmine.js:909:35)
                    at Spec.execute (C:\Users\akuma989\AppData\Roaming\npm\node_modules\protractor\node_modules\jasmine-core\lib\jasmine-core\jasmine.js:526:10)
                    at UserContext.fn (C:\Users\akuma989\AppData\Roaming\npm\node_modules\protractor\node_modules\jasmine-core\lib\jasmine-core\jasmine.js:5340:37)
                    at attempt (C:\Users\akuma989\AppData\Roaming\npm\node_modules\protractor\node_modules\jasmine-core\lib\jasmine-core\jasmine.js:4297:26)
                    at QueueRunner.run (C:\Users\akuma989\AppData\Roaming\npm\node_modules\protractor\node_modules\jasmine-core\lib\jasmine-core\jasmine.js:4217:20)
                    at runNext (C:\Users\akuma989\AppData\Roaming\npm\node_modules\protractor\node_modules\jasmine-core\lib\jasmine-core\jasmine.js:4257:20)
                From asynchronous test: 
                Error
                    at Suite.&lt;anonymous> (C:\Users\akuma989\OneDrive - Capgemini\Desktop\ProtractorPractice\test_spec\BankManagerPage_spec.js:18:5)
                    at addSpecsToSuite (C:\Users\akuma989\AppData\Roaming\npm\node_modules\protractor\node_modules\jasmine-core\lib\jasmine-core\jasmine.js:1107:25)
                    at Env.describe (C:\Users\akuma989\AppData\Roaming\npm\node_modules\protractor\node_modules\jasmine-core\lib\jasmine-core\jasmine.js:1074:7)
                    at describe (C:\Users\akuma989\AppData\Roaming\npm\node_modules\protractor\node_modules\jasmine-core\lib\jasmine-core\jasmine.js:4399:18)
                    at Object.&lt;anonymous> (C:\Users\akuma989\OneDrive - Capgemini\Desktop\ProtractorPractice\test_spec\BankManagerPage_spec.js:5:1)
                    at Module._compile (node:internal/modules/cjs/loader:1739:14)
                    at Object..js (node:internal/modules/cjs/loader:1904:10)
                    at Module.load (node:internal/modules/cjs/loader:1473:32)
                    at Function._load (node:internal/modules/cjs/loader:1285:12)</stack-trace>
            </failure>
        </test-case>
        <test-case start='1740386518516' status='failed' stop='1740386518631'>
            <name>Validate Open Account</name>
            <title>Validate Open Account</title>
            <labels/>
            <parameters/>
            <steps/>
            <attachments>
                <attachment title='Screenshot' source='8db87ce8-ba22-4399-a6dc-b567887a997f-attachment.png' type='image/png' size='6537'/>
            </attachments>
            <failure>
                <message>Failed: by.ngClick is not a function</message>
                <stack-trace>TypeError: by.ngClick is not a function
                    at BankManagerpage.OpenAccount (C:\Users\akuma989\OneDrive - Capgemini\Desktop\ProtractorPractice\pages\BankManagerPage.js:21:20)
                    at UserContext.&lt;anonymous> (C:\Users\akuma989\OneDrive - Capgemini\Desktop\ProtractorPractice\test_spec\BankManagerPage_spec.js:23:25)
                    at C:\Users\akuma989\AppData\Roaming\npm\node_modules\protractor\node_modules\jasminewd2\index.js:112:25
                    at new ManagedPromise (C:\Users\akuma989\AppData\Roaming\npm\node_modules\protractor\node_modules\selenium-webdriver\lib\promise.js:1077:7)
                    at ControlFlow.promise (C:\Users\akuma989\AppData\Roaming\npm\node_modules\protractor\node_modules\selenium-webdriver\lib\promise.js:2505:12)
                    at schedulerExecute (C:\Users\akuma989\AppData\Roaming\npm\node_modules\protractor\node_modules\jasminewd2\index.js:95:18)
                    at TaskQueue.execute_ (C:\Users\akuma989\AppData\Roaming\npm\node_modules\protractor\node_modules\selenium-webdriver\lib\promise.js:3084:14)
                    at TaskQueue.executeNext_ (C:\Users\akuma989\AppData\Roaming\npm\node_modules\protractor\node_modules\selenium-webdriver\lib\promise.js:3067:27)
                    at C:\Users\akuma989\AppData\Roaming\npm\node_modules\protractor\node_modules\selenium-webdriver\lib\promise.js:2974:25
                    at C:\Users\akuma989\AppData\Roaming\npm\node_modules\protractor\node_modules\selenium-webdriver\lib\promise.js:668:7
                From: Task: Run it("Validate Open Account") in control flow
                    at UserContext.&lt;anonymous> (C:\Users\akuma989\AppData\Roaming\npm\node_modules\protractor\node_modules\jasminewd2\index.js:94:19)
                    at attempt (C:\Users\akuma989\AppData\Roaming\npm\node_modules\protractor\node_modules\jasmine-core\lib\jasmine-core\jasmine.js:4297:26)
                    at QueueRunner.run (C:\Users\akuma989\AppData\Roaming\npm\node_modules\protractor\node_modules\jasmine-core\lib\jasmine-core\jasmine.js:4217:20)
                    at QueueRunner.execute (C:\Users\akuma989\AppData\Roaming\npm\node_modules\protractor\node_modules\jasmine-core\lib\jasmine-core\jasmine.js:4199:10)
                    at Spec.queueRunnerFactory (C:\Users\akuma989\AppData\Roaming\npm\node_modules\protractor\node_modules\jasmine-core\lib\jasmine-core\jasmine.js:909:35)
                    at Spec.execute (C:\Users\akuma989\AppData\Roaming\npm\node_modules\protractor\node_modules\jasmine-core\lib\jasmine-core\jasmine.js:526:10)
                    at UserContext.fn (C:\Users\akuma989\AppData\Roaming\npm\node_modules\protractor\node_modules\jasmine-core\lib\jasmine-core\jasmine.js:5340:37)
                    at attempt (C:\Users\akuma989\AppData\Roaming\npm\node_modules\protractor\node_modules\jasmine-core\lib\jasmine-core\jasmine.js:4297:26)
                    at QueueRunner.run (C:\Users\akuma989\AppData\Roaming\npm\node_modules\protractor\node_modules\jasmine-core\lib\jasmine-core\jasmine.js:4217:20)
                    at runNext (C:\Users\akuma989\AppData\Roaming\npm\node_modules\protractor\node_modules\jasmine-core\lib\jasmine-core\jasmine.js:4257:20)
                From asynchronous test: 
                Error
                    at Suite.&lt;anonymous> (C:\Users\akuma989\OneDrive - Capgemini\Desktop\ProtractorPractice\test_spec\BankManagerPage_spec.js:22:5)
                    at addSpecsToSuite (C:\Users\akuma989\AppData\Roaming\npm\node_modules\protractor\node_modules\jasmine-core\lib\jasmine-core\jasmine.js:1107:25)
                    at Env.describe (C:\Users\akuma989\AppData\Roaming\npm\node_modules\protractor\node_modules\jasmine-core\lib\jasmine-core\jasmine.js:1074:7)
                    at describe (C:\Users\akuma989\AppData\Roaming\npm\node_modules\protractor\node_modules\jasmine-core\lib\jasmine-core\jasmine.js:4399:18)
                    at Object.&lt;anonymous> (C:\Users\akuma989\OneDrive - Capgemini\Desktop\ProtractorPractice\test_spec\BankManagerPage_spec.js:5:1)
                    at Module._compile (node:internal/modules/cjs/loader:1739:14)
                    at Object..js (node:internal/modules/cjs/loader:1904:10)
                    at Module.load (node:internal/modules/cjs/loader:1473:32)
                    at Function._load (node:internal/modules/cjs/loader:1285:12)</stack-trace>
            </failure>
        </test-case>
        <test-case start='1740386518631' status='failed' stop='1740386518754'>
            <name>Validate Customer Existance</name>
            <title>Validate Customer Existance</title>
            <labels/>
            <parameters/>
            <steps/>
            <attachments>
                <attachment title='Screenshot' source='edec719b-694c-401c-8804-9a126128c1b8-attachment.png' type='image/png' size='6537'/>
            </attachments>
            <failure>
                <message>Failed: BankManagerpage.CheckCustomer is not a function</message>
                <stack-trace>TypeError: BankManagerpage.CheckCustomer is not a function
                    at UserContext.&lt;anonymous> (C:\Users\akuma989\OneDrive - Capgemini\Desktop\ProtractorPractice\test_spec\BankManagerPage_spec.js:27:25)
                    at C:\Users\akuma989\AppData\Roaming\npm\node_modules\protractor\node_modules\jasminewd2\index.js:112:25
                    at new ManagedPromise (C:\Users\akuma989\AppData\Roaming\npm\node_modules\protractor\node_modules\selenium-webdriver\lib\promise.js:1077:7)
                    at ControlFlow.promise (C:\Users\akuma989\AppData\Roaming\npm\node_modules\protractor\node_modules\selenium-webdriver\lib\promise.js:2505:12)
                    at schedulerExecute (C:\Users\akuma989\AppData\Roaming\npm\node_modules\protractor\node_modules\jasminewd2\index.js:95:18)
                    at TaskQueue.execute_ (C:\Users\akuma989\AppData\Roaming\npm\node_modules\protractor\node_modules\selenium-webdriver\lib\promise.js:3084:14)
                    at TaskQueue.executeNext_ (C:\Users\akuma989\AppData\Roaming\npm\node_modules\protractor\node_modules\selenium-webdriver\lib\promise.js:3067:27)
                    at C:\Users\akuma989\AppData\Roaming\npm\node_modules\protractor\node_modules\selenium-webdriver\lib\promise.js:2974:25
                    at C:\Users\akuma989\AppData\Roaming\npm\node_modules\protractor\node_modules\selenium-webdriver\lib\promise.js:668:7
                    at processTicksAndRejections (node:internal/process/task_queues:105:5)
                From: Task: Run it("Validate Customer Existance") in control flow
                    at UserContext.&lt;anonymous> (C:\Users\akuma989\AppData\Roaming\npm\node_modules\protractor\node_modules\jasminewd2\index.js:94:19)
                    at attempt (C:\Users\akuma989\AppData\Roaming\npm\node_modules\protractor\node_modules\jasmine-core\lib\jasmine-core\jasmine.js:4297:26)
                    at QueueRunner.run (C:\Users\akuma989\AppData\Roaming\npm\node_modules\protractor\node_modules\jasmine-core\lib\jasmine-core\jasmine.js:4217:20)
                    at QueueRunner.execute (C:\Users\akuma989\AppData\Roaming\npm\node_modules\protractor\node_modules\jasmine-core\lib\jasmine-core\jasmine.js:4199:10)
                    at Spec.queueRunnerFactory (C:\Users\akuma989\AppData\Roaming\npm\node_modules\protractor\node_modules\jasmine-core\lib\jasmine-core\jasmine.js:909:35)
                    at Spec.execute (C:\Users\akuma989\AppData\Roaming\npm\node_modules\protractor\node_modules\jasmine-core\lib\jasmine-core\jasmine.js:526:10)
                    at UserContext.fn (C:\Users\akuma989\AppData\Roaming\npm\node_modules\protractor\node_modules\jasmine-core\lib\jasmine-core\jasmine.js:5340:37)
                    at attempt (C:\Users\akuma989\AppData\Roaming\npm\node_modules\protractor\node_modules\jasmine-core\lib\jasmine-core\jasmine.js:4297:26)
                    at QueueRunner.run (C:\Users\akuma989\AppData\Roaming\npm\node_modules\protractor\node_modules\jasmine-core\lib\jasmine-core\jasmine.js:4217:20)
                    at runNext (C:\Users\akuma989\AppData\Roaming\npm\node_modules\protractor\node_modules\jasmine-core\lib\jasmine-core\jasmine.js:4257:20)
                From asynchronous test: 
                Error
                    at Suite.&lt;anonymous> (C:\Users\akuma989\OneDrive - Capgemini\Desktop\ProtractorPractice\test_spec\BankManagerPage_spec.js:26:5)
                    at addSpecsToSuite (C:\Users\akuma989\AppData\Roaming\npm\node_modules\protractor\node_modules\jasmine-core\lib\jasmine-core\jasmine.js:1107:25)
                    at Env.describe (C:\Users\akuma989\AppData\Roaming\npm\node_modules\protractor\node_modules\jasmine-core\lib\jasmine-core\jasmine.js:1074:7)
                    at describe (C:\Users\akuma989\AppData\Roaming\npm\node_modules\protractor\node_modules\jasmine-core\lib\jasmine-core\jasmine.js:4399:18)
                    at Object.&lt;anonymous> (C:\Users\akuma989\OneDrive - Capgemini\Desktop\ProtractorPractice\test_spec\BankManagerPage_spec.js:5:1)
                    at Module._compile (node:internal/modules/cjs/loader:1739:14)
                    at Object..js (node:internal/modules/cjs/loader:1904:10)
                    at Module.load (node:internal/modules/cjs/loader:1473:32)
                    at Function._load (node:internal/modules/cjs/loader:1285:12)</stack-trace>
            </failure>
        </test-case>
    </test-cases>
</ns2:test-suite>