<?xml version='1.0'?>
<ns2:test-suite xmlns:ns2='urn:model.allure.qatools.yandex.ru' start='1740376379374' stop='1740376379649'>
    <name>Validate Customer Login Functionality</name>
    <title>Validate Customer Login Functionality</title>
    <test-cases>
        <test-case start='1740376379374' status='failed' stop='1740376379527'>
            <name>Open website and click on CustomerLogin button</name>
            <title>Open website and click on CustomerLogin button</title>
            <labels/>
            <parameters/>
            <steps/>
            <attachments>
                <attachment title='Screenshot' source='a642cc77-d676-42d4-9a37-722867611eed-attachment.png' type='image/png' size='6537'/>
            </attachments>
            <failure>
                <message>Failed: by.ngclick is not a function</message>
                <stack-trace>TypeError: by.ngclick is not a function
                    at HomePage.CustomerLogin (C:\Users\akuma989\OneDrive - Capgemini\Desktop\ProtractorPractice\pages\HomePage.js:10:20)
                    at UserContext.&lt;anonymous> (C:\Users\akuma989\OneDrive - Capgemini\Desktop\ProtractorPractice\test_spec\CustomerLogin_spec.js:13:18)
                    at C:\Users\akuma989\AppData\Roaming\npm\node_modules\protractor\node_modules\jasminewd2\index.js:112:25
                    at new ManagedPromise (C:\Users\akuma989\AppData\Roaming\npm\node_modules\protractor\node_modules\selenium-webdriver\lib\promise.js:1077:7)
                    at ControlFlow.promise (C:\Users\akuma989\AppData\Roaming\npm\node_modules\protractor\node_modules\selenium-webdriver\lib\promise.js:2505:12)
                    at schedulerExecute (C:\Users\akuma989\AppData\Roaming\npm\node_modules\protractor\node_modules\jasminewd2\index.js:95:18)
                    at TaskQueue.execute_ (C:\Users\akuma989\AppData\Roaming\npm\node_modules\protractor\node_modules\selenium-webdriver\lib\promise.js:3084:14)
                    at TaskQueue.executeNext_ (C:\Users\akuma989\AppData\Roaming\npm\node_modules\protractor\node_modules\selenium-webdriver\lib\promise.js:3067:27)
                    at C:\Users\akuma989\AppData\Roaming\npm\node_modules\protractor\node_modules\selenium-webdriver\lib\promise.js:2927:27
                    at C:\Users\akuma989\AppData\Roaming\npm\node_modules\protractor\node_modules\selenium-webdriver\lib\promise.js:668:7
                From: Task: Run it("Open website and click on CustomerLogin button") in control flow
                    at UserContext.&lt;anonymous> (C:\Users\akuma989\AppData\Roaming\npm\node_modules\protractor\node_modules\jasminewd2\index.js:94:19)
                    at attempt (C:\Users\akuma989\AppData\Roaming\npm\node_modules\protractor\node_modules\jasmine-core\lib\jasmine-core\jasmine.js:4297:26)
                    at QueueRunner.run (C:\Users\akuma989\AppData\Roaming\npm\node_modules\protractor\node_modules\jasmine-core\lib\jasmine-core\jasmine.js:4217:20)
                    at QueueRunner.execute (C:\Users\akuma989\AppData\Roaming\npm\node_modules\protractor\node_modules\jasmine-core\lib\jasmine-core\jasmine.js:4199:10)
                    at Spec.queueRunnerFactory (C:\Users\akuma989\AppData\Roaming\npm\node_modules\protractor\node_modules\jasmine-core\lib\jasmine-core\jasmine.js:909:35)
                    at Spec.execute (C:\Users\akuma989\AppData\Roaming\npm\node_modules\protractor\node_modules\jasmine-core\lib\jasmine-core\jasmine.js:526:10)
                    at UserContext.fn (C:\Users\akuma989\AppData\Roaming\npm\node_modules\protractor\node_modules\jasmine-core\lib\jasmine-core\jasmine.js:5340:37)
                    at attempt (C:\Users\akuma989\AppData\Roaming\npm\node_modules\protractor\node_modules\jasmine-core\lib\jasmine-core\jasmine.js:4297:26)
                    at QueueRunner.run (C:\Users\akuma989\AppData\Roaming\npm\node_modules\protractor\node_modules\jasmine-core\lib\jasmine-core\jasmine.js:4217:20)
                    at QueueRunner.execute (C:\Users\akuma989\AppData\Roaming\npm\node_modules\protractor\node_modules\jasmine-core\lib\jasmine-core\jasmine.js:4199:10)
                From asynchronous test: 
                Error
                    at Suite.&lt;anonymous> (C:\Users\akuma989\OneDrive - Capgemini\Desktop\ProtractorPractice\test_spec\CustomerLogin_spec.js:7:5)
                    at addSpecsToSuite (C:\Users\akuma989\AppData\Roaming\npm\node_modules\protractor\node_modules\jasmine-core\lib\jasmine-core\jasmine.js:1107:25)
                    at Env.describe (C:\Users\akuma989\AppData\Roaming\npm\node_modules\protractor\node_modules\jasmine-core\lib\jasmine-core\jasmine.js:1074:7)
                    at describe (C:\Users\akuma989\AppData\Roaming\npm\node_modules\protractor\node_modules\jasmine-core\lib\jasmine-core\jasmine.js:4399:18)
                    at Object.&lt;anonymous> (C:\Users\akuma989\OneDrive - Capgemini\Desktop\ProtractorPractice\test_spec\CustomerLogin_spec.js:5:1)
                    at Module._compile (node:internal/modules/cjs/loader:1739:14)
                    at Object..js (node:internal/modules/cjs/loader:1904:10)
                    at Module.load (node:internal/modules/cjs/loader:1473:32)
                    at Function._load (node:internal/modules/cjs/loader:1285:12)</stack-trace>
            </failure>
        </test-case>
        <test-case start='1740376379527' status='failed' stop='1740376379649'>
            <name>Select User and Click on Login</name>
            <title>Select User and Click on Login</title>
            <labels/>
            <parameters/>
            <steps/>
            <attachments>
                <attachment title='Screenshot' source='0b070c6c-a774-42b3-afe5-117de4592bd6-attachment.png' type='image/png' size='6537'/>
            </attachments>
            <failure>
                <message>Failed: javascript error: angular is not defined
                  (Session info: chrome=133.0.6943.127)
                  (Driver info: chromedriver=133.0.6943.53 (9a80935019b0925b01cc21d254da203bc3986f04-refs/branch-heads/6943@{#1389}),platform=Windows NT 10.0.22631 x86_64)</message>
                <stack-trace>JavascriptError: javascript error: angular is not defined
                  (Session info: chrome=133.0.6943.127)
                  (Driver info: chromedriver=133.0.6943.53 (9a80935019b0925b01cc21d254da203bc3986f04-refs/branch-heads/6943@{#1389}),platform=Windows NT 10.0.22631 x86_64)
                    at Object.checkLegacyResponse (C:\Users\akuma989\AppData\Roaming\npm\node_modules\protractor\node_modules\selenium-webdriver\lib\error.js:546:15)
                    at parseHttpResponse (C:\Users\akuma989\AppData\Roaming\npm\node_modules\protractor\node_modules\selenium-webdriver\lib\http.js:509:13)
                    at C:\Users\akuma989\AppData\Roaming\npm\node_modules\protractor\node_modules\selenium-webdriver\lib\http.js:441:30
                    at processTicksAndRejections (node:internal/process/task_queues:105:5)
                From: Task: WebDriver.executeScript()
                    at Driver.schedule (C:\Users\akuma989\AppData\Roaming\npm\node_modules\protractor\node_modules\selenium-webdriver\lib\webdriver.js:807:17)
                    at Driver.executeScript (C:\Users\akuma989\AppData\Roaming\npm\node_modules\protractor\node_modules\selenium-webdriver\lib\webdriver.js:878:16)
                    at C:\Users\akuma989\AppData\Roaming\npm\node_modules\protractor\node_modules\selenium-webdriver\lib\by.js:191:35
                    at C:\Users\akuma989\AppData\Roaming\npm\node_modules\protractor\node_modules\selenium-webdriver\lib\webdriver.js:1068:28
                    at C:\Users\akuma989\AppData\Roaming\npm\node_modules\protractor\node_modules\selenium-webdriver\lib\webdriver.js:907:19
                    at ManagedPromise.invokeCallback_ (C:\Users\akuma989\AppData\Roaming\npm\node_modules\protractor\node_modules\selenium-webdriver\lib\promise.js:1376:14)
                    at TaskQueue.execute_ (C:\Users\akuma989\AppData\Roaming\npm\node_modules\protractor\node_modules\selenium-webdriver\lib\promise.js:3084:14)
                    at TaskQueue.executeNext_ (C:\Users\akuma989\AppData\Roaming\npm\node_modules\protractor\node_modules\selenium-webdriver\lib\promise.js:3067:27)
                    at C:\Users\akuma989\AppData\Roaming\npm\node_modules\protractor\node_modules\selenium-webdriver\lib\promise.js:2974:25
                    at C:\Users\akuma989\AppData\Roaming\npm\node_modules\protractor\node_modules\selenium-webdriver\lib\promise.js:668:7
                From: Task: WebDriver.call(function)
                    at Driver.call (C:\Users\akuma989\AppData\Roaming\npm\node_modules\protractor\node_modules\selenium-webdriver\lib\webdriver.js:901:23)
                    at Driver.findElementsInternal_ (C:\Users\akuma989\AppData\Roaming\npm\node_modules\protractor\node_modules\selenium-webdriver\lib\webdriver.js:1068:17)
                    at Driver.findElements (C:\Users\akuma989\AppData\Roaming\npm\node_modules\protractor\node_modules\selenium-webdriver\lib\webdriver.js:1043:19)
                    at Object.findElementsOverride (C:\Users\akuma989\AppData\Roaming\npm\node_modules\protractor\built\locators.js:177:31)
                    at C:\Users\akuma989\AppData\Roaming\npm\node_modules\protractor\built\element.js:156:40
                    at ManagedPromise.invokeCallback_ (C:\Users\akuma989\AppData\Roaming\npm\node_modules\protractor\node_modules\selenium-webdriver\lib\promise.js:1376:14)
                    at TaskQueue.execute_ (C:\Users\akuma989\AppData\Roaming\npm\node_modules\protractor\node_modules\selenium-webdriver\lib\promise.js:3084:14)
                    at TaskQueue.executeNext_ (C:\Users\akuma989\AppData\Roaming\npm\node_modules\protractor\node_modules\selenium-webdriver\lib\promise.js:3067:27)
                    at C:\Users\akuma989\AppData\Roaming\npm\node_modules\protractor\node_modules\selenium-webdriver\lib\promise.js:2927:27
                    at C:\Users\akuma989\AppData\Roaming\npm\node_modules\protractor\node_modules\selenium-webdriver\lib\promise.js:668:7Error
                    at ElementArrayFinder.applyAction_ (C:\Users\akuma989\AppData\Roaming\npm\node_modules\protractor\built\element.js:459:27)
                    at ElementArrayFinder.&lt;computed> [as click] (C:\Users\akuma989\AppData\Roaming\npm\node_modules\protractor\built\element.js:91:29)
                    at SelectWrapper.selectByValue (C:\Users\akuma989\OneDrive - Capgemini\Desktop\ProtractorPractice\util\select-wrapper.js:11:73)
                    at CustomerPage.SelectLoginUser (C:\Users\akuma989\OneDrive - Capgemini\Desktop\ProtractorPractice\pages\CustomerPage.js:8:18)
                    at UserContext.&lt;anonymous> (C:\Users\akuma989\OneDrive - Capgemini\Desktop\ProtractorPractice\test_spec\CustomerLogin_spec.js:19:22)
                    at C:\Users\akuma989\AppData\Roaming\npm\node_modules\protractor\node_modules\jasminewd2\index.js:112:25
                    at new ManagedPromise (C:\Users\akuma989\AppData\Roaming\npm\node_modules\protractor\node_modules\selenium-webdriver\lib\promise.js:1077:7)
                    at ControlFlow.promise (C:\Users\akuma989\AppData\Roaming\npm\node_modules\protractor\node_modules\selenium-webdriver\lib\promise.js:2505:12)
                    at schedulerExecute (C:\Users\akuma989\AppData\Roaming\npm\node_modules\protractor\node_modules\jasminewd2\index.js:95:18)
                    at TaskQueue.execute_ (C:\Users\akuma989\AppData\Roaming\npm\node_modules\protractor\node_modules\selenium-webdriver\lib\promise.js:3084:14)
                From: Task: Run it("Select User and Click on Login") in control flow
                    at UserContext.&lt;anonymous> (C:\Users\akuma989\AppData\Roaming\npm\node_modules\protractor\node_modules\jasminewd2\index.js:94:19)
                    at attempt (C:\Users\akuma989\AppData\Roaming\npm\node_modules\protractor\node_modules\jasmine-core\lib\jasmine-core\jasmine.js:4297:26)
                    at QueueRunner.run (C:\Users\akuma989\AppData\Roaming\npm\node_modules\protractor\node_modules\jasmine-core\lib\jasmine-core\jasmine.js:4217:20)
                    at QueueRunner.execute (C:\Users\akuma989\AppData\Roaming\npm\node_modules\protractor\node_modules\jasmine-core\lib\jasmine-core\jasmine.js:4199:10)
                    at Spec.queueRunnerFactory (C:\Users\akuma989\AppData\Roaming\npm\node_modules\protractor\node_modules\jasmine-core\lib\jasmine-core\jasmine.js:909:35)
                    at Spec.execute (C:\Users\akuma989\AppData\Roaming\npm\node_modules\protractor\node_modules\jasmine-core\lib\jasmine-core\jasmine.js:526:10)
                    at UserContext.fn (C:\Users\akuma989\AppData\Roaming\npm\node_modules\protractor\node_modules\jasmine-core\lib\jasmine-core\jasmine.js:5340:37)
                    at attempt (C:\Users\akuma989\AppData\Roaming\npm\node_modules\protractor\node_modules\jasmine-core\lib\jasmine-core\jasmine.js:4297:26)
                    at QueueRunner.run (C:\Users\akuma989\AppData\Roaming\npm\node_modules\protractor\node_modules\jasmine-core\lib\jasmine-core\jasmine.js:4217:20)
                    at runNext (C:\Users\akuma989\AppData\Roaming\npm\node_modules\protractor\node_modules\jasmine-core\lib\jasmine-core\jasmine.js:4257:20)
                From asynchronous test: 
                Error
                    at Suite.&lt;anonymous> (C:\Users\akuma989\OneDrive - Capgemini\Desktop\ProtractorPractice\test_spec\CustomerLogin_spec.js:17:5)
                    at addSpecsToSuite (C:\Users\akuma989\AppData\Roaming\npm\node_modules\protractor\node_modules\jasmine-core\lib\jasmine-core\jasmine.js:1107:25)
                    at Env.describe (C:\Users\akuma989\AppData\Roaming\npm\node_modules\protractor\node_modules\jasmine-core\lib\jasmine-core\jasmine.js:1074:7)
                    at describe (C:\Users\akuma989\AppData\Roaming\npm\node_modules\protractor\node_modules\jasmine-core\lib\jasmine-core\jasmine.js:4399:18)
                    at Object.&lt;anonymous> (C:\Users\akuma989\OneDrive - Capgemini\Desktop\ProtractorPractice\test_spec\CustomerLogin_spec.js:5:1)
                    at Module._compile (node:internal/modules/cjs/loader:1739:14)
                    at Object..js (node:internal/modules/cjs/loader:1904:10)
                    at Module.load (node:internal/modules/cjs/loader:1473:32)
                    at Function._load (node:internal/modules/cjs/loader:1285:12)</stack-trace>
            </failure>
        </test-case>
    </test-cases>
</ns2:test-suite>